<?xml version="1.0" encoding="UTF-8" ?>
<patterntesting>
	<patterntesting-report>
		<file name="test-report">
		</file>
	</patterntesting-report>
</patterntesting>
